16:03:33 **** Incremental Build of configuration Debug for project cameraTest26402 ****
make all 
Building target: cameraTest26402.elf
Invoking: Cross ARM C++ Linker
arm-none-eabi-g++ -mcpu=cortex-m4 -mthumb -Og -fmessage-length=0 -fsigned-char -ffunction-sections -fdata-sections -fno-move-loop-invariants -Wall -Wextra  -g3 -T mem.ld -T libs.ld -T sections.ld -nostartfiles -Xlinker --gc-sections -L"../ldscripts" -Wl,-Map,"cameraTest26402.map" --specs=nano.specs -o "cameraTest26402.elf"  ./system/src/stm32f4xx/stm32f4xx_hal.o ./system/src/stm32f4xx/stm32f4xx_hal_adc.o ./system/src/stm32f4xx/stm32f4xx_hal_adc_ex.o ./system/src/stm32f4xx/stm32f4xx_hal_can.o ./system/src/stm32f4xx/stm32f4xx_hal_cec.o ./system/src/stm32f4xx/stm32f4xx_hal_cortex.o ./system/src/stm32f4xx/stm32f4xx_hal_crc.o ./system/src/stm32f4xx/stm32f4xx_hal_cryp.o ./system/src/stm32f4xx/stm32f4xx_hal_cryp_ex.o ./system/src/stm32f4xx/stm32f4xx_hal_dac.o ./system/src/stm32f4xx/stm32f4xx_hal_dac_ex.o ./system/src/stm32f4xx/stm32f4xx_hal_dcmi.o ./system/src/stm32f4xx/stm32f4xx_hal_dcmi_ex.o ./system/src/stm32f4xx/stm32f4xx_hal_dma.o ./system/src/stm32f4xx/stm32f4xx_hal_dma2d.o ./system/src/stm32f4xx/stm32f4xx_hal_dma_ex.o ./system/src/stm32f4xx/stm32f4xx_hal_dsi.o ./system/src/stm32f4xx/stm32f4xx_hal_eth.o ./system/src/stm32f4xx/stm32f4xx_hal_flash.o ./system/src/stm32f4xx/stm32f4xx_hal_flash_ex.o ./system/src/stm32f4xx/stm32f4xx_hal_flash_ramfunc.o ./system/src/stm32f4xx/stm32f4xx_hal_fmpi2c.o ./system/src/stm32f4xx/stm32f4xx_hal_fmpi2c_ex.o ./system/src/stm32f4xx/stm32f4xx_hal_gpio.o ./system/src/stm32f4xx/stm32f4xx_hal_hash.o ./system/src/stm32f4xx/stm32f4xx_hal_hash_ex.o ./system/src/stm32f4xx/stm32f4xx_hal_hcd.o ./system/src/stm32f4xx/stm32f4xx_hal_i2c.o ./system/src/stm32f4xx/stm32f4xx_hal_i2c_ex.o ./system/src/stm32f4xx/stm32f4xx_hal_i2s.o ./system/src/stm32f4xx/stm32f4xx_hal_i2s_ex.o ./system/src/stm32f4xx/stm32f4xx_hal_irda.o ./system/src/stm32f4xx/stm32f4xx_hal_iwdg.o ./system/src/stm32f4xx/stm32f4xx_hal_lptim.o ./system/src/stm32f4xx/stm32f4xx_hal_ltdc.o ./system/src/stm32f4xx/stm32f4xx_hal_ltdc_ex.o ./system/src/stm32f4xx/stm32f4xx_hal_nand.o ./system/src/stm32f4xx/stm32f4xx_hal_nor.o ./system/src/stm32f4xx/stm32f4xx_hal_pccard.o ./system/src/stm32f4xx/stm32f4xx_hal_pcd.o ./system/src/stm32f4xx/stm32f4xx_hal_pcd_ex.o ./system/src/stm32f4xx/stm32f4xx_hal_pwr.o ./system/src/stm32f4xx/stm32f4xx_hal_pwr_ex.o ./system/src/stm32f4xx/stm32f4xx_hal_qspi.o ./system/src/stm32f4xx/stm32f4xx_hal_rcc.o ./system/src/stm32f4xx/stm32f4xx_hal_rcc_ex.o ./system/src/stm32f4xx/stm32f4xx_hal_rng.o ./system/src/stm32f4xx/stm32f4xx_hal_rtc.o ./system/src/stm32f4xx/stm32f4xx_hal_rtc_ex.o ./system/src/stm32f4xx/stm32f4xx_hal_sai.o ./system/src/stm32f4xx/stm32f4xx_hal_sai_ex.o ./system/src/stm32f4xx/stm32f4xx_hal_sd.o ./system/src/stm32f4xx/stm32f4xx_hal_sdram.o ./system/src/stm32f4xx/stm32f4xx_hal_smartcard.o ./system/src/stm32f4xx/stm32f4xx_hal_spdifrx.o ./system/src/stm32f4xx/stm32f4xx_hal_spi.o ./system/src/stm32f4xx/stm32f4xx_hal_sram.o ./system/src/stm32f4xx/stm32f4xx_hal_tim.o ./system/src/stm32f4xx/stm32f4xx_hal_tim_ex.o ./system/src/stm32f4xx/stm32f4xx_hal_uart.o ./system/src/stm32f4xx/stm32f4xx_hal_usart.o ./system/src/stm32f4xx/stm32f4xx_hal_wwdg.o ./system/src/stm32f4xx/stm32f4xx_ll_fmc.o ./system/src/stm32f4xx/stm32f4xx_ll_fsmc.o ./system/src/stm32f4xx/stm32f4xx_ll_sdmmc.o ./system/src/stm32f4xx/stm32f4xx_ll_usb.o  ./system/src/newlib/_cxx.o ./system/src/newlib/_exit.o ./system/src/newlib/_sbrk.o ./system/src/newlib/_startup.o ./system/src/newlib/_syscalls.o ./system/src/newlib/assert.o  ./system/src/diag/Trace.o ./system/src/diag/trace_impl.o  ./system/src/cortexm/_initialize_hardware.o ./system/src/cortexm/_reset_hardware.o ./system/src/cortexm/exception_handlers.o  ./system/src/cmsis/startup_stm32f407xx.o ./system/src/cmsis/system_stm32f4xx.o  ./src/main.o ./src/stm32f4xx_hal_msp.o ./src/stm32f4xx_it.o ./src/usb_device.o ./src/usbd_cdc_if.o ./src/usbd_conf.o ./src/usbd_desc.o  ./Middlewares/ST/STM32_USB_Device_Library/Core/Src/usbd_conf_template.o ./Middlewares/ST/STM32_USB_Device_Library/Core/Src/usbd_core.o ./Middlewares/ST/STM32_USB_Device_Library/Core/Src/usbd_ctlreq.o ./Middlewares/ST/STM32_USB_Device_Library/Core/Src/usbd_ioreq.o  ./Middlewares/ST/STM32_USB_Device_Library/Class/CDC/Src/usbd_cdc.o ./Middlewares/ST/STM32_USB_Device_Library/Class/CDC/Src/usbd_cdc_if_template.o   
./Middlewares/ST/STM32_USB_Device_Library/Core/Src/usbd_conf_template.o: In function `USBD_LL_Init':
/Users/ap/git/SeniorDesign/cameraTest26402/Debug/../Middlewares/ST/STM32_USB_Device_Library/Core/Src/usbd_conf_template.c:46: multiple definition of `USBD_LL_Init'
./src/usbd_conf.o:/Users/ap/git/SeniorDesign/cameraTest26402/Debug/../src/usbd_conf.c:280: first defined here
./Middlewares/ST/STM32_USB_Device_Library/Core/Src/usbd_conf_template.o: In function `USBD_LL_Init':
/Users/ap/git/SeniorDesign/cameraTest26402/Debug/../Middlewares/ST/STM32_USB_Device_Library/Core/Src/usbd_conf_template.c:46: multiple definition of `USBD_LL_DeInit'
./src/usbd_conf.o:/Users/ap/git/SeniorDesign/cameraTest26402/Debug/../src/usbd_conf.c:61: first defined here
./Middlewares/ST/STM32_USB_Device_Library/Core/Src/usbd_conf_template.o: In function `USBD_LL_Init':
/Users/ap/git/SeniorDesign/cameraTest26402/Debug/../Middlewares/ST/STM32_USB_Device_Library/Core/Src/usbd_conf_template.c:46: multiple definition of `USBD_LL_Start'
./src/usbd_conf.o:/Users/ap/git/SeniorDesign/cameraTest26402/Debug/../src/usbd_conf.c:61: first defined here
./Middlewares/ST/STM32_USB_Device_Library/Core/Src/usbd_conf_template.o: In function `USBD_LL_Init':
/Users/ap/git/SeniorDesign/cameraTest26402/Debug/../Middlewares/ST/STM32_USB_Device_Library/Core/Src/usbd_conf_template.c:46: multiple definition of `USBD_LL_Stop'
./src/usbd_conf.o:/Users/ap/git/SeniorDesign/cameraTest26402/Debug/../src/usbd_conf.c:61: first defined here
./Middlewares/ST/STM32_USB_Device_Library/Core/Src/usbd_conf_template.o: In function `USBD_LL_Init':
/Users/ap/git/SeniorDesign/cameraTest26402/Debug/../Middlewares/ST/STM32_USB_Device_Library/Core/Src/usbd_conf_template.c:46: multiple definition of `USBD_LL_OpenEP'
./src/usbd_conf.o:/Users/ap/git/SeniorDesign/cameraTest26402/Debug/../src/usbd_conf.c:61: first defined here
./Middlewares/ST/STM32_USB_Device_Library/Core/Src/usbd_conf_template.o: In function `USBD_LL_Init':
/Users/ap/git/SeniorDesign/cameraTest26402/Debug/../Middlewares/ST/STM32_USB_Device_Library/Core/Src/usbd_conf_template.c:46: multiple definition of `USBD_LL_CloseEP'
./src/usbd_conf.o:/Users/ap/git/SeniorDesign/cameraTest26402/Debug/../src/usbd_conf.c:61: first defined here
./Middlewares/ST/STM32_USB_Device_Library/Core/Src/usbd_conf_template.o: In function `USBD_LL_Init':
/Users/ap/git/SeniorDesign/cameraTest26402/Debug/../Middlewares/ST/STM32_USB_Device_Library/Core/Src/usbd_conf_template.c:46: multiple definition of `USBD_LL_FlushEP'
./src/usbd_conf.o:/Users/ap/git/SeniorDesign/cameraTest26402/Debug/../src/usbd_conf.c:61: first defined here
./Middlewares/ST/STM32_USB_Device_Library/Core/Src/usbd_conf_template.o: In function `USBD_LL_Init':
/Users/ap/git/SeniorDesign/cameraTest26402/Debug/../Middlewares/ST/STM32_USB_Device_Library/Core/Src/usbd_conf_template.c:46: multiple definition of `USBD_LL_StallEP'
./src/usbd_conf.o:/Users/ap/git/SeniorDesign/cameraTest26402/Debug/../src/usbd_conf.c:61: first defined here
./Middlewares/ST/STM32_USB_Device_Library/Core/Src/usbd_conf_template.o: In function `USBD_LL_Init':
/Users/ap/git/SeniorDesign/cameraTest26402/Debug/../Middlewares/ST/STM32_USB_Device_Library/Core/Src/usbd_conf_template.c:46: multiple definition of `USBD_LL_ClearStallEP'
./src/usbd_conf.o:/Users/ap/git/SeniorDesign/cameraTest26402/Debug/../src/usbd_conf.c:61: first defined here
./Middlewares/ST/STM32_USB_Device_Library/Core/Src/usbd_conf_template.o: In function `USBD_LL_Init':
/Users/ap/git/SeniorDesign/cameraTest26402/Debug/../Middlewares/ST/STM32_USB_Device_Library/Core/Src/usbd_conf_template.c:46: multiple definition of `USBD_LL_IsStallEP'
./src/usbd_conf.o:/Users/ap/git/SeniorDesign/cameraTest26402/Debug/../src/usbd_conf.c:61: first defined here
./Middlewares/ST/STM32_USB_Device_Library/Core/Src/usbd_conf_template.o: In function `USBD_LL_Init':
/Users/ap/git/SeniorDesign/cameraTest26402/Debug/../Middlewares/ST/STM32_USB_Device_Library/Core/Src/usbd_conf_template.c:46: multiple definition of `USBD_LL_SetUSBAddress'
./src/usbd_conf.o:/Users/ap/git/SeniorDesign/cameraTest26402/Debug/../src/usbd_conf.c:61: first defined here
./Middlewares/ST/STM32_USB_Device_Library/Core/Src/usbd_conf_template.o: In function `USBD_LL_Init':
/Users/ap/git/SeniorDesign/cameraTest26402/Debug/../Middlewares/ST/STM32_USB_Device_Library/Core/Src/usbd_conf_template.c:46: multiple definition of `USBD_LL_Transmit'
./src/usbd_conf.o:/Users/ap/git/SeniorDesign/cameraTest26402/Debug/../src/usbd_conf.c:61: first defined here
./Middlewares/ST/STM32_USB_Device_Library/Core/Src/usbd_conf_template.o: In function `USBD_LL_Init':
/Users/ap/git/SeniorDesign/cameraTest26402/Debug/../Middlewares/ST/STM32_USB_Device_Library/Core/Src/usbd_conf_template.c:46: multiple definition of `USBD_LL_PrepareReceive'
./src/usbd_conf.o:/Users/ap/git/SeniorDesign/cameraTest26402/Debug/../src/usbd_conf.c:61: first defined here
./Middlewares/ST/STM32_USB_Device_Library/Core/Src/usbd_conf_template.o: In function `USBD_LL_Init':
/Users/ap/git/SeniorDesign/cameraTest26402/Debug/../Middlewares/ST/STM32_USB_Device_Library/Core/Src/usbd_conf_template.c:46: multiple definition of `USBD_LL_GetRxDataSize'
./src/usbd_conf.o:/Users/ap/git/SeniorDesign/cameraTest26402/Debug/../src/usbd_conf.c:61: first defined here
./Middlewares/ST/STM32_USB_Device_Library/Core/Src/usbd_conf_template.o: In function `USBD_LL_Init':
/Users/ap/git/SeniorDesign/cameraTest26402/Debug/../Middlewares/ST/STM32_USB_Device_Library/Core/Src/usbd_conf_template.c:46: multiple definition of `USBD_LL_Delay'
./src/usbd_conf.o:/Users/ap/git/SeniorDesign/cameraTest26402/Debug/../src/usbd_conf.c:61: first defined here
collect2: error: ld returned 1 exit status
make: *** [cameraTest26402.elf] Error 1

16:03:33 Build Finished (took 387ms)

